<?xml version="1.0" encoding="UTF-8"?>
<!-- Generated by org.testng.reporters.JUnitReportReporter -->
<testsuite hostname="LFR039856" failures="0" tests="1" name="test.java.TpCarrefourTest" time="24.026" errors="0" timestamp="2023-08-08T12:12:33 CEST" skipped="0">
  <testcase classname="test.java.TpCarrefourTest" name="test" time="24.026"/>
  <system-out/>
</testsuite> <!-- test.java.TpCarrefourTest -->
